e:\mutthread\mutthread\x64\debug\mutthread.pch
e:\mutthread\mutthread\x64\debug\vc120.pdb
e:\mutthread\mutthread\x64\debug\vc120.idb
e:\mutthread\mutthread\x64\debug\stdafx.obj
e:\mutthread\mutthread\x64\debug\dicthreadpool.obj
e:\mutthread\mutthread\x64\debug\workerthread.obj
e:\mutthread\mutthread\x64\debug\mutthread.obj
e:\mutthread\mutthread\x64\debug\mutthreaddlg.obj
e:\mutthread\mutthread\x64\debug\mutthread.res
e:\mutthread\x64\debug\mutthread.pdb
e:\mutthread\mutthread\x64\debug\mutthread.tlog\cl.command.1.tlog
e:\mutthread\mutthread\x64\debug\mutthread.tlog\cl.read.1.tlog
e:\mutthread\mutthread\x64\debug\mutthread.tlog\cl.write.1.tlog
e:\mutthread\mutthread\x64\debug\mutthread.tlog\link-cvtres.read.1.tlog
e:\mutthread\mutthread\x64\debug\mutthread.tlog\link-cvtres.write.1.tlog
e:\mutthread\mutthread\x64\debug\mutthread.tlog\link-mt.read.1.tlog
e:\mutthread\mutthread\x64\debug\mutthread.tlog\link-mt.write.1.tlog
e:\mutthread\mutthread\x64\debug\mutthread.tlog\link-rc.read.1.tlog
e:\mutthread\mutthread\x64\debug\mutthread.tlog\link-rc.write.1.tlog
e:\mutthread\mutthread\x64\debug\mutthread.tlog\link.command.1.tlog
e:\mutthread\mutthread\x64\debug\mutthread.tlog\link.read.1.tlog
e:\mutthread\mutthread\x64\debug\mutthread.tlog\link.write.1.tlog
e:\mutthread\mutthread\x64\debug\mutthread.tlog\rc.command.1.tlog
e:\mutthread\mutthread\x64\debug\mutthread.tlog\rc.read.1.tlog
e:\mutthread\mutthread\x64\debug\mutthread.tlog\rc.write.1.tlog
