生成启动时间为 2017/11/7 9:31:49。
     1>项目“E:\MUTThread\MUTThread\MUTThread.vcxproj”在节点 2 上(Build 个目标)。
     1>ClCompile:
         C:\Program Files (x86)\Microsoft Visual Studio 12.0\VC\bin\x86_amd64\CL.exe /c /Zi /nologo /W3 /WX- /sdl /Od /Oi /GL /D WIN32 /D _WINDOWS /D NDEBUG /D _CRT_SECURE_NO_WARNINGS /D _UNICODE /D UNICODE /D _AFXDLL /Gm- /EHsc /MD /GS /Gy /fp:precise /Zc:wchar_t /Zc:forScope /Yu"stdafx.h" /Fp"x64\Release\MUTThread.pch" /Fo"x64\Release\\" /Fd"x64\Release\vc120.pdb" /Gd /TP /errorReport:prompt ..\WorkerThread\TrackerMonitor.cpp ..\WorkerThread\TrackerTask.cpp MUTThread.cpp MUTThreadDlg.cpp
         TrackerMonitor.cpp
         TrackerTask.cpp
         MUTThread.cpp
         MUTThreadDlg.cpp
       Link:
         C:\Program Files (x86)\Microsoft Visual Studio 12.0\VC\bin\x86_amd64\link.exe /ERRORREPORT:PROMPT /OUT:"E:\MUTThread\x64\Release\MUTThread.exe" /INCREMENTAL:NO /NOLOGO opencv_ml2413.lib opencv_calib3d2413.lib opencv_contrib2413.lib opencv_core2413.lib opencv_features2d2413.lib opencv_flann2413.lib opencv_gpu2413.lib opencv_highgui2413.lib opencv_imgproc2413.lib opencv_legacy2413.lib opencv_objdetect2413.lib opencv_ts2413.lib opencv_video2413.lib opencv_nonfree2413.lib opencv_ocl2413.lib opencv_photo2413.lib opencv_stitching2413.lib opencv_superres2413.lib opencv_videostab2413.lib /MANIFEST /MANIFESTUAC:"level='asInvoker' uiAccess='false'" /manifest:embed /manifestinput:"C:\Program Files (x86)\Microsoft Visual Studio 12.0\VC\Include\Manifest\dpiaware.manifest" /DEBUG /PDB:"E:\MUTThread\x64\Release\MUTThread.pdb" /SUBSYSTEM:WINDOWS /OPT:REF /OPT:ICF /LTCG /TLBID:1 /ENTRY:"wWinMainCRTStartup" /DYNAMICBASE /NXCOMPAT /IMPLIB:"E:\MUTThread\x64\Release\MUTThread.lib" /MACHINE:X64 x64\Release\MUTThread.res
         x64\Release\DICThreadPool.obj
         x64\Release\TrackerMonitor.obj
         x64\Release\TrackerTask.obj
         x64\Release\MUTThread.obj
         x64\Release\MUTThreadDlg.obj
         x64\Release\stdafx.obj
         x64\Release\TrackerMap.obj
     1>LINK : fatal error LNK1104: 无法打开文件“E:\MUTThread\x64\Release\MUTThread.exe”
     1>已完成生成项目“E:\MUTThread\MUTThread\MUTThread.vcxproj”(Build 个目标)的操作 - 失败。

生成失败。

已用时间 00:00:11.91
