e:\mutthread\mutthread\x64\release\mutthread.pch
e:\mutthread\mutthread\x64\release\vc120.pdb
e:\mutthread\mutthread\x64\release\stdafx.obj
e:\mutthread\mutthread\x64\release\visionpro.obj
e:\mutthread\mutthread\x64\release\mutthreaddlg.obj
e:\mutthread\mutthread\x64\release\mutthread.obj
e:\mutthread\mutthread\x64\release\workerthread.obj
e:\mutthread\mutthread\x64\release\dicthreadpool.obj
e:\mutthread\mutthread\x64\release\trackertask.obj
e:\mutthread\mutthread\x64\release\trackermonitor.obj
e:\mutthread\mutthread\x64\release\trackermap.obj
e:\mutthread\x64\release\mutthread.exe
e:\mutthread\x64\release\mutthread.pdb
e:\mutthread\mutthread\x64\release\mutthread.res
e:\mutthread\mutthread\x64\release\mutthread.tlog\cl.command.1.tlog
e:\mutthread\mutthread\x64\release\mutthread.tlog\cl.read.1.tlog
e:\mutthread\mutthread\x64\release\mutthread.tlog\cl.write.1.tlog
e:\mutthread\mutthread\x64\release\mutthread.tlog\link.command.1.tlog
e:\mutthread\mutthread\x64\release\mutthread.tlog\link.read.1.tlog
e:\mutthread\mutthread\x64\release\mutthread.tlog\link.write.1.tlog
e:\mutthread\mutthread\x64\release\mutthread.tlog\rc.command.1.tlog
e:\mutthread\mutthread\x64\release\mutthread.tlog\rc.read.1.tlog
e:\mutthread\mutthread\x64\release\mutthread.tlog\rc.write.1.tlog
